[2025-02-05 22:06:08,603: INFO: main: >>>>>>>>> Stage 01: Data Ingestion started <<<<<<<<<]
[2025-02-05 22:06:08,606: INFO: common: Reading the yaml file from ::     config/config.yml]
[2025-02-05 22:06:08,607: INFO: common: Reading the yaml file from ::     params.yml]
[2025-02-05 22:06:08,611: INFO: common: Reading the yaml file from ::     schema.yml]
[2025-02-05 22:06:08,612: INFO: common: Directory created at :: artifacts]
[2025-02-05 22:06:08,613: INFO: common: Directory created at :: artifacts/data_ingestion]
[2025-02-05 22:06:10,357: INFO: data_ingestion: Downloaded file: artifacts/data_ingestion/data.zip with folowing infor: 
 Connection: close
Content-Length: 26176
Cache-Control: max-age=300
Content-Security-Policy: default-src 'none'; style-src 'unsafe-inline'; sandbox
Content-Type: application/zip
ETag: "f751ec0917e15a3dc07c3094a49fb99713109dd8a9f29150bb5d187ec17facdf"
Strict-Transport-Security: max-age=31536000
X-Content-Type-Options: nosniff
X-Frame-Options: deny
X-XSS-Protection: 1; mode=block
X-GitHub-Request-Id: 2622:2E4589:3D9EE3:3F8BA0:67A38CA9
Accept-Ranges: bytes
Date: Wed, 05 Feb 2025 16:36:10 GMT
Via: 1.1 varnish
X-Served-By: cache-sin-wsss1830078-SIN
X-Cache: HIT
X-Cache-Hits: 0
X-Timer: S1738773370.676282,VS0,VE363
Vary: Authorization,Accept-Encoding,Origin
Access-Control-Allow-Origin: *
Cross-Origin-Resource-Policy: cross-origin
X-Fastly-Request-ID: cb0d101164bb44d21570d7e2a9308c096f7f0792
Expires: Wed, 05 Feb 2025 16:41:10 GMT
Source-Age: 0

]
[2025-02-05 22:06:10,466: INFO: main: >>>>>>>>> Stage 01: Data Ingestion completed <<<<<<<<<]
[2025-02-06 13:58:28,641: INFO: common: Reading the yaml file from ::     config/config.yml]
[2025-02-06 13:58:28,644: INFO: common: Reading the yaml file from ::     params.yml]
[2025-02-06 13:58:28,650: INFO: common: Reading the yaml file from ::     schema.yml]
[2025-02-06 13:58:28,652: INFO: common: Directory created at :: artifacts]
[2025-02-06 13:58:28,654: INFO: common: Directory created at :: artifacts/data_validation]
[2025-02-06 13:59:53,162: INFO: common: Reading the yaml file from ::     config/config.yml]
[2025-02-06 13:59:53,167: INFO: common: Reading the yaml file from ::     params.yml]
[2025-02-06 13:59:53,174: INFO: common: Reading the yaml file from ::     schema.yml]
[2025-02-06 13:59:53,176: INFO: common: Directory created at :: artifacts]
[2025-02-06 13:59:53,178: INFO: common: Directory created at :: artifacts/data_validation]
[2025-02-06 13:59:53,189: INFO: 3451669464: Data validation success in :: fixed acidity]
[2025-02-06 13:59:53,191: INFO: 3451669464: Data validation success in :: volatile acidity]
[2025-02-06 13:59:53,193: INFO: 3451669464: Data validation success in :: citric acid]
[2025-02-06 13:59:53,195: INFO: 3451669464: Data validation success in :: residual sugar]
[2025-02-06 13:59:53,197: INFO: 3451669464: Data validation success in :: chlorides]
[2025-02-06 13:59:53,198: INFO: 3451669464: Data validation success in :: free sulfur dioxide]
[2025-02-06 13:59:53,200: INFO: 3451669464: Data validation success in :: total sulfur dioxide]
[2025-02-06 13:59:53,201: INFO: 3451669464: Data validation success in :: density]
[2025-02-06 13:59:53,202: INFO: 3451669464: Data validation success in :: pH]
[2025-02-06 13:59:53,203: INFO: 3451669464: Data validation success in :: sulphates]
[2025-02-06 13:59:53,204: INFO: 3451669464: Data validation success in :: alcohol]
[2025-02-06 13:59:53,206: INFO: 3451669464: Data validation success in :: quality]
[2025-02-06 14:20:36,005: INFO: main: >>>>>>>>> Stage 01: Data Ingestion started <<<<<<<<<]
[2025-02-06 14:20:36,009: INFO: common: Reading the yaml file from ::     config/config.yml]
[2025-02-06 14:20:36,011: INFO: common: Reading the yaml file from ::     params.yml]
[2025-02-06 14:20:36,014: INFO: common: Reading the yaml file from ::     schema.yml]
[2025-02-06 14:20:36,015: INFO: common: Directory created at :: artifacts]
[2025-02-06 14:20:36,015: INFO: common: Directory created at :: artifacts/data_ingestion]
[2025-02-06 14:20:37,835: INFO: data_ingestion: Downloaded file: artifacts/data_ingestion/data.zip with folowing infor: 
 Connection: close
Content-Length: 26176
Cache-Control: max-age=300
Content-Security-Policy: default-src 'none'; style-src 'unsafe-inline'; sandbox
Content-Type: application/zip
ETag: "f751ec0917e15a3dc07c3094a49fb99713109dd8a9f29150bb5d187ec17facdf"
Strict-Transport-Security: max-age=31536000
X-Content-Type-Options: nosniff
X-Frame-Options: deny
X-XSS-Protection: 1; mode=block
X-GitHub-Request-Id: 3144:37EB0D:CA5D39:D2FE7A:67A477DD
Accept-Ranges: bytes
Date: Thu, 06 Feb 2025 08:50:37 GMT
Via: 1.1 varnish
X-Served-By: cache-sin-wsss1830024-SIN
X-Cache: MISS
X-Cache-Hits: 0
X-Timer: S1738831837.263661,VS0,VE350
Vary: Authorization,Accept-Encoding,Origin
Access-Control-Allow-Origin: *
Cross-Origin-Resource-Policy: cross-origin
X-Fastly-Request-ID: e3052c4b08a185ff568feec059ce078ec51322ae
Expires: Thu, 06 Feb 2025 08:55:37 GMT
Source-Age: 0

]
[2025-02-06 14:20:37,944: INFO: main: >>>>>>>>> Stage 01: Data Ingestion completed <<<<<<<<<]
[2025-02-06 14:20:37,944: INFO: main: >>>>>>>>> Stage 02: Data Validation started <<<<<<<<<]
[2025-02-06 14:20:37,947: INFO: common: Reading the yaml file from ::     config/config.yml]
[2025-02-06 14:20:37,948: INFO: common: Reading the yaml file from ::     params.yml]
[2025-02-06 14:20:37,952: INFO: common: Reading the yaml file from ::     schema.yml]
[2025-02-06 14:20:37,953: INFO: common: Directory created at :: artifacts]
[2025-02-06 14:20:37,953: INFO: common: Directory created at :: artifacts/data_validation]
[2025-02-06 14:20:37,965: INFO: data_validation: Data validation success in :: fixed acidity]
[2025-02-06 14:20:37,965: INFO: data_validation: Data validation success in :: volatile acidity]
[2025-02-06 14:20:37,965: INFO: data_validation: Data validation success in :: citric acid]
[2025-02-06 14:20:37,965: INFO: data_validation: Data validation success in :: residual sugar]
[2025-02-06 14:20:37,966: INFO: data_validation: Data validation success in :: chlorides]
[2025-02-06 14:20:37,966: INFO: data_validation: Data validation success in :: free sulfur dioxide]
[2025-02-06 14:20:37,966: INFO: data_validation: Data validation success in :: total sulfur dioxide]
[2025-02-06 14:20:37,966: INFO: data_validation: Data validation success in :: density]
[2025-02-06 14:20:37,967: INFO: data_validation: Data validation success in :: pH]
[2025-02-06 14:20:37,967: INFO: data_validation: Data validation success in :: sulphates]
[2025-02-06 14:20:37,967: INFO: data_validation: Data validation success in :: alcohol]
[2025-02-06 14:20:37,967: INFO: data_validation: Data validation success in :: quality]
[2025-02-06 14:20:38,072: INFO: main: >>>>>>>>> Stage 02: Data Validation completed <<<<<<<<<]
[2025-02-06 14:51:27,689: INFO: common: Reading the yaml file from ::     config/config.yml]
[2025-02-06 14:51:27,693: INFO: common: Reading the yaml file from ::     params.yml]
[2025-02-06 14:51:27,699: INFO: common: Reading the yaml file from ::     schema.yml]
[2025-02-06 14:51:27,701: INFO: common: Directory created at :: artifacts]
[2025-02-06 14:51:27,704: INFO: common: Directory created at :: artifacts/data_transformation]
[2025-02-06 14:51:27,985: INFO: 15519314: Splied data into traing and test sets]
[2025-02-06 14:51:27,986: INFO: 15519314: (1199, 12)]
[2025-02-06 14:51:27,988: INFO: 15519314: (400, 12)]
[2025-02-06 15:09:51,554: INFO: main: >>>>>>>>> Stage 01: Data Ingestion started <<<<<<<<<]
[2025-02-06 15:09:51,558: INFO: common: Reading the yaml file from ::     config/config.yml]
[2025-02-06 15:09:51,559: INFO: common: Reading the yaml file from ::     params.yml]
[2025-02-06 15:09:51,563: INFO: common: Reading the yaml file from ::     schema.yml]
[2025-02-06 15:09:51,564: INFO: common: Directory created at :: artifacts]
[2025-02-06 15:09:51,565: INFO: common: Directory created at :: artifacts/data_ingestion]
[2025-02-06 15:09:53,666: INFO: data_ingestion: Downloaded file: artifacts/data_ingestion/data.zip with folowing infor: 
 Connection: close
Content-Length: 26176
Cache-Control: max-age=300
Content-Security-Policy: default-src 'none'; style-src 'unsafe-inline'; sandbox
Content-Type: application/zip
ETag: "f751ec0917e15a3dc07c3094a49fb99713109dd8a9f29150bb5d187ec17facdf"
Strict-Transport-Security: max-age=31536000
X-Content-Type-Options: nosniff
X-Frame-Options: deny
X-XSS-Protection: 1; mode=block
X-GitHub-Request-Id: 3144:37EB0D:CA5D39:D2FE7A:67A477DD
Accept-Ranges: bytes
Date: Thu, 06 Feb 2025 09:39:53 GMT
Via: 1.1 varnish
X-Served-By: cache-sin-wsss1830062-SIN
X-Cache: HIT
X-Cache-Hits: 0
X-Timer: S1738834793.598454,VS0,VE857
Vary: Authorization,Accept-Encoding,Origin
Access-Control-Allow-Origin: *
Cross-Origin-Resource-Policy: cross-origin
X-Fastly-Request-ID: 5e053d7a0a5fa785fb41b8ef307d253d8b3c1f84
Expires: Thu, 06 Feb 2025 09:44:53 GMT
Source-Age: 0

]
[2025-02-06 15:09:53,776: INFO: main: >>>>>>>>> Stage 01: Data Ingestion completed <<<<<<<<<]
[2025-02-06 15:09:53,776: INFO: main: >>>>>>>>> Stage 02: Data Validation started <<<<<<<<<]
[2025-02-06 15:09:53,776: INFO: main: >>>>>>>>> Stage 02: Data Validation completed <<<<<<<<<]
[2025-02-06 15:09:53,776: INFO: main: >>>>>>>>> Stage 03: Data Transformation started <<<<<<<<<]
[2025-02-06 15:09:53,776: INFO: main: >>>>>>>>> Stage 03: Data Transformation completed <<<<<<<<<]
[2025-02-06 15:14:11,481: INFO: main: >>>>>>>>> Stage 01: Data Ingestion started <<<<<<<<<]
[2025-02-06 15:14:11,484: INFO: common: Reading the yaml file from ::     config/config.yml]
[2025-02-06 15:14:11,485: INFO: common: Reading the yaml file from ::     params.yml]
[2025-02-06 15:14:11,490: INFO: common: Reading the yaml file from ::     schema.yml]
[2025-02-06 15:14:11,491: INFO: common: Directory created at :: artifacts]
[2025-02-06 15:14:11,492: INFO: common: Directory created at :: artifacts/data_ingestion]
[2025-02-06 15:14:13,586: INFO: data_ingestion: Downloaded file: artifacts/data_ingestion/data.zip with folowing infor: 
 Connection: close
Content-Length: 26176
Cache-Control: max-age=300
Content-Security-Policy: default-src 'none'; style-src 'unsafe-inline'; sandbox
Content-Type: application/zip
ETag: "f751ec0917e15a3dc07c3094a49fb99713109dd8a9f29150bb5d187ec17facdf"
Strict-Transport-Security: max-age=31536000
X-Content-Type-Options: nosniff
X-Frame-Options: deny
X-XSS-Protection: 1; mode=block
X-GitHub-Request-Id: 59AD:124670:D0744C:D971BA:67A4846C
Accept-Ranges: bytes
Date: Thu, 06 Feb 2025 09:44:13 GMT
Via: 1.1 varnish
X-Served-By: cache-mrs1050101-MRS
X-Cache: MISS
X-Cache-Hits: 0
X-Timer: S1738835053.886391,VS0,VE366
Vary: Authorization,Accept-Encoding,Origin
Access-Control-Allow-Origin: *
Cross-Origin-Resource-Policy: cross-origin
X-Fastly-Request-ID: 7c57796069cce9d343db3ab4db0dd54f1e3a02b7
Expires: Thu, 06 Feb 2025 09:49:13 GMT
Source-Age: 0

]
[2025-02-06 15:14:13,696: INFO: main: >>>>>>>>> Stage 01: Data Ingestion completed <<<<<<<<<]
[2025-02-06 15:14:13,696: INFO: main: >>>>>>>>> Stage 02: Data Validation started <<<<<<<<<]
[2025-02-06 15:14:13,700: INFO: common: Reading the yaml file from ::     config/config.yml]
[2025-02-06 15:14:13,701: INFO: common: Reading the yaml file from ::     params.yml]
[2025-02-06 15:14:13,705: INFO: common: Reading the yaml file from ::     schema.yml]
[2025-02-06 15:14:13,706: INFO: common: Directory created at :: artifacts]
[2025-02-06 15:14:13,706: INFO: common: Directory created at :: artifacts/data_validation]
[2025-02-06 15:14:13,718: INFO: data_validation: Data validation success in :: fixed acidity]
[2025-02-06 15:14:13,718: INFO: data_validation: Data validation success in :: volatile acidity]
[2025-02-06 15:14:13,718: INFO: data_validation: Data validation success in :: citric acid]
[2025-02-06 15:14:13,719: INFO: data_validation: Data validation success in :: residual sugar]
[2025-02-06 15:14:13,719: INFO: data_validation: Data validation success in :: chlorides]
[2025-02-06 15:14:13,719: INFO: data_validation: Data validation success in :: free sulfur dioxide]
[2025-02-06 15:14:13,719: INFO: data_validation: Data validation success in :: total sulfur dioxide]
[2025-02-06 15:14:13,720: INFO: data_validation: Data validation success in :: density]
[2025-02-06 15:14:13,720: INFO: data_validation: Data validation success in :: pH]
[2025-02-06 15:14:13,720: INFO: data_validation: Data validation success in :: sulphates]
[2025-02-06 15:14:13,720: INFO: data_validation: Data validation success in :: alcohol]
[2025-02-06 15:14:13,721: INFO: data_validation: Data validation success in :: quality]
[2025-02-06 15:14:13,824: INFO: main: >>>>>>>>> Stage 02: Data Validation completed <<<<<<<<<]
[2025-02-06 15:14:13,824: INFO: main: >>>>>>>>> Stage 03: Data Transformation started <<<<<<<<<]
[2025-02-06 15:14:13,828: INFO: common: Reading the yaml file from ::     config/config.yml]
[2025-02-06 15:14:13,829: INFO: common: Reading the yaml file from ::     params.yml]
[2025-02-06 15:14:13,833: INFO: common: Reading the yaml file from ::     schema.yml]
[2025-02-06 15:14:13,833: INFO: common: Directory created at :: artifacts]
[2025-02-06 15:14:13,834: INFO: common: Directory created at :: artifacts/data_transformation]
[2025-02-06 15:14:14,088: INFO: data_transformation: Splied data into traing and test sets]
[2025-02-06 15:14:14,088: INFO: data_transformation: (1199, 12)]
[2025-02-06 15:14:14,088: INFO: data_transformation: (400, 12)]
[2025-02-06 15:14:14,088: INFO: main: >>>>>>>>> Stage 03: Data Transformation completed <<<<<<<<<]
[2025-02-10 23:50:25,541: INFO: common: Reading the yaml file from ::     config/config.yml]
[2025-02-10 23:50:25,545: INFO: common: Reading the yaml file from ::     params.yml]
[2025-02-10 23:50:25,551: INFO: common: Reading the yaml file from ::     schema.yml]
[2025-02-10 23:50:25,553: INFO: common: Directory created at :: artifacts]
[2025-02-10 23:50:25,555: INFO: common: Directory created at :: artifacts/model_trainer]
[2025-02-10 23:52:25,340: INFO: common: Reading the yaml file from ::     config/config.yml]
[2025-02-10 23:52:25,344: INFO: common: Reading the yaml file from ::     params.yml]
[2025-02-10 23:52:25,351: INFO: common: Reading the yaml file from ::     schema.yml]
[2025-02-10 23:52:25,353: INFO: common: Directory created at :: artifacts]
[2025-02-10 23:52:25,355: INFO: common: Directory created at :: artifacts/model_trainer]
[2025-02-11 00:08:04,293: INFO: main: >>>>>>>>> Stage 01: Data Ingestion started <<<<<<<<<]
[2025-02-11 00:08:04,298: INFO: common: Reading the yaml file from ::     config/config.yml]
[2025-02-11 00:08:04,299: INFO: common: Reading the yaml file from ::     params.yml]
[2025-02-11 00:08:04,302: INFO: common: Reading the yaml file from ::     schema.yml]
[2025-02-11 00:08:04,303: INFO: common: Directory created at :: artifacts]
[2025-02-11 00:08:04,303: INFO: common: Directory created at :: artifacts/data_ingestion]
[2025-02-11 00:08:05,942: INFO: data_ingestion: Downloaded file: artifacts/data_ingestion/data.zip with folowing infor: 
 Connection: close
Content-Length: 26176
Cache-Control: max-age=300
Content-Security-Policy: default-src 'none'; style-src 'unsafe-inline'; sandbox
Content-Type: application/zip
ETag: "f751ec0917e15a3dc07c3094a49fb99713109dd8a9f29150bb5d187ec17facdf"
Strict-Transport-Security: max-age=31536000
X-Content-Type-Options: nosniff
X-Frame-Options: deny
X-XSS-Protection: 1; mode=block
X-GitHub-Request-Id: C606:B0E68:24E337:25DD80:67AA478C
Accept-Ranges: bytes
Date: Mon, 10 Feb 2025 18:38:05 GMT
Via: 1.1 varnish
X-Served-By: cache-sin-wsss1830033-SIN
X-Cache: MISS
X-Cache-Hits: 0
X-Timer: S1739212685.149288,VS0,VE664
Vary: Authorization,Accept-Encoding,Origin
Access-Control-Allow-Origin: *
Cross-Origin-Resource-Policy: cross-origin
X-Fastly-Request-ID: e6fcc5eb7b218bc6d216dffa1514089bb0a04a21
Expires: Mon, 10 Feb 2025 18:43:05 GMT
Source-Age: 0

]
[2025-02-11 00:08:06,051: INFO: main: >>>>>>>>> Stage 01: Data Ingestion completed <<<<<<<<<]
[2025-02-11 00:08:06,051: INFO: main: >>>>>>>>> Stage 02: Data Validation started <<<<<<<<<]
[2025-02-11 00:08:06,056: INFO: common: Reading the yaml file from ::     config/config.yml]
[2025-02-11 00:08:06,058: INFO: common: Reading the yaml file from ::     params.yml]
[2025-02-11 00:08:06,062: INFO: common: Reading the yaml file from ::     schema.yml]
[2025-02-11 00:08:06,063: INFO: common: Directory created at :: artifacts]
[2025-02-11 00:08:06,064: INFO: common: Directory created at :: artifacts/data_validation]
[2025-02-11 00:08:06,074: INFO: data_validation: Data validation success in :: fixed acidity]
[2025-02-11 00:08:06,075: INFO: data_validation: Data validation success in :: volatile acidity]
[2025-02-11 00:08:06,075: INFO: data_validation: Data validation success in :: citric acid]
[2025-02-11 00:08:06,075: INFO: data_validation: Data validation success in :: residual sugar]
[2025-02-11 00:08:06,076: INFO: data_validation: Data validation success in :: chlorides]
[2025-02-11 00:08:06,076: INFO: data_validation: Data validation success in :: free sulfur dioxide]
[2025-02-11 00:08:06,076: INFO: data_validation: Data validation success in :: total sulfur dioxide]
[2025-02-11 00:08:06,076: INFO: data_validation: Data validation success in :: density]
[2025-02-11 00:08:06,076: INFO: data_validation: Data validation success in :: pH]
[2025-02-11 00:08:06,076: INFO: data_validation: Data validation success in :: sulphates]
[2025-02-11 00:08:06,077: INFO: data_validation: Data validation success in :: alcohol]
[2025-02-11 00:08:06,077: INFO: data_validation: Data validation success in :: quality]
[2025-02-11 00:08:06,179: INFO: main: >>>>>>>>> Stage 02: Data Validation completed <<<<<<<<<]
[2025-02-11 00:08:06,179: INFO: main: >>>>>>>>> Stage 03: Data Transformation started <<<<<<<<<]
[2025-02-11 00:08:06,184: INFO: common: Reading the yaml file from ::     config/config.yml]
[2025-02-11 00:08:06,185: INFO: common: Reading the yaml file from ::     params.yml]
[2025-02-11 00:08:06,190: INFO: common: Reading the yaml file from ::     schema.yml]
[2025-02-11 00:08:06,191: INFO: common: Directory created at :: artifacts]
[2025-02-11 00:08:06,191: INFO: common: Directory created at :: artifacts/data_transformation]
[2025-02-11 00:08:06,443: INFO: data_transformation: Splied data into traing and test sets]
[2025-02-11 00:08:06,443: INFO: data_transformation: (1199, 12)]
[2025-02-11 00:08:06,443: INFO: data_transformation: (400, 12)]
[2025-02-11 00:08:06,444: INFO: main: >>>>>>>>> Stage 03: Data Transformation completed <<<<<<<<<]
[2025-02-11 00:08:06,444: INFO: main: >>>>>>>>> Stage 04: Model Trainer started <<<<<<<<<]
[2025-02-11 00:08:06,449: INFO: common: Reading the yaml file from ::     config/config.yml]
[2025-02-11 00:08:06,450: INFO: common: Reading the yaml file from ::     params.yml]
[2025-02-11 00:08:06,453: INFO: common: Reading the yaml file from ::     schema.yml]
[2025-02-11 00:08:06,454: INFO: common: Directory created at :: artifacts]
[2025-02-11 00:08:06,454: INFO: common: Directory created at :: artifacts/model_trainer]
[2025-02-11 00:08:06,472: INFO: model_trainer: Model trained with alpha: 0.2 and l1_ratio: 0.5]
[2025-02-11 00:08:06,579: INFO: model_trainer: Model saved at: artifacts/model_trainer/model.joblib]
[2025-02-11 00:08:06,579: INFO: main: >>>>>>>>> Stage 04: Model Trainer completed <<<<<<<<<]
[2025-02-12 15:42:46,960: INFO: common: Reading the yaml file from ::     config/config.yml]
[2025-02-12 15:42:46,965: INFO: common: Reading the yaml file from ::     params.yml]
[2025-02-12 15:42:46,971: INFO: common: Reading the yaml file from ::     schema.yml]
[2025-02-12 15:42:46,974: INFO: common: Directory created at :: artifacts]
[2025-02-12 15:42:46,975: INFO: common: Directory created at :: artifacts/model_trainer]
[2025-02-12 15:44:24,239: INFO: common: Reading the yaml file from ::     config/config.yml]
[2025-02-12 15:44:24,244: INFO: common: Reading the yaml file from ::     params.yml]
[2025-02-12 15:44:24,250: INFO: common: Reading the yaml file from ::     schema.yml]
[2025-02-12 15:44:24,252: INFO: common: Directory created at :: artifacts]
[2025-02-12 15:44:24,254: INFO: common: Directory created at :: artifacts/model_trainer]
[2025-02-12 15:49:05,472: INFO: main: >>>>>>>>> Stage 01: Data Ingestion started <<<<<<<<<]
[2025-02-12 15:49:05,478: INFO: common: Reading the yaml file from ::     config/config.yml]
[2025-02-12 15:49:05,480: INFO: common: Reading the yaml file from ::     params.yml]
[2025-02-12 15:49:05,483: INFO: common: Reading the yaml file from ::     schema.yml]
[2025-02-12 15:49:05,484: INFO: common: Directory created at :: artifacts]
[2025-02-12 15:49:05,485: INFO: common: Directory created at :: artifacts/data_ingestion]
[2025-02-12 15:49:06,950: INFO: data_ingestion: Downloaded file: artifacts/data_ingestion/data.zip with folowing infor: 
 Connection: close
Content-Length: 26176
Cache-Control: max-age=300
Content-Security-Policy: default-src 'none'; style-src 'unsafe-inline'; sandbox
Content-Type: application/zip
ETag: "f751ec0917e15a3dc07c3094a49fb99713109dd8a9f29150bb5d187ec17facdf"
Strict-Transport-Security: max-age=31536000
X-Content-Type-Options: nosniff
X-Frame-Options: deny
X-XSS-Protection: 1; mode=block
X-GitHub-Request-Id: CE91:16AA52:81BCF2:878243:67AC7599
Accept-Ranges: bytes
Date: Wed, 12 Feb 2025 10:19:06 GMT
Via: 1.1 varnish
X-Served-By: cache-sin-wsss1830029-SIN
X-Cache: MISS
X-Cache-Hits: 0
X-Timer: S1739355546.316672,VS0,VE442
Vary: Authorization,Accept-Encoding,Origin
Access-Control-Allow-Origin: *
Cross-Origin-Resource-Policy: cross-origin
X-Fastly-Request-ID: 61a42186f25fa2ea74a4cda70de266819718bc42
Expires: Wed, 12 Feb 2025 10:24:06 GMT
Source-Age: 0

]
[2025-02-12 15:49:07,059: INFO: main: >>>>>>>>> Stage 01: Data Ingestion completed <<<<<<<<<]
[2025-02-12 15:49:07,059: INFO: main: >>>>>>>>> Stage 02: Data Validation started <<<<<<<<<]
[2025-02-12 15:49:07,066: INFO: common: Reading the yaml file from ::     config/config.yml]
[2025-02-12 15:49:07,069: INFO: common: Reading the yaml file from ::     params.yml]
[2025-02-12 15:49:07,075: INFO: common: Reading the yaml file from ::     schema.yml]
[2025-02-12 15:49:07,075: INFO: common: Directory created at :: artifacts]
[2025-02-12 15:49:07,076: INFO: common: Directory created at :: artifacts/data_validation]
[2025-02-12 15:49:07,089: INFO: data_validation: Data validation success in :: fixed acidity]
[2025-02-12 15:49:07,090: INFO: data_validation: Data validation success in :: volatile acidity]
[2025-02-12 15:49:07,090: INFO: data_validation: Data validation success in :: citric acid]
[2025-02-12 15:49:07,090: INFO: data_validation: Data validation success in :: residual sugar]
[2025-02-12 15:49:07,090: INFO: data_validation: Data validation success in :: chlorides]
[2025-02-12 15:49:07,091: INFO: data_validation: Data validation success in :: free sulfur dioxide]
[2025-02-12 15:49:07,091: INFO: data_validation: Data validation success in :: total sulfur dioxide]
[2025-02-12 15:49:07,091: INFO: data_validation: Data validation success in :: density]
[2025-02-12 15:49:07,091: INFO: data_validation: Data validation success in :: pH]
[2025-02-12 15:49:07,091: INFO: data_validation: Data validation success in :: sulphates]
[2025-02-12 15:49:07,092: INFO: data_validation: Data validation success in :: alcohol]
[2025-02-12 15:49:07,092: INFO: data_validation: Data validation success in :: quality]
[2025-02-12 15:49:07,195: INFO: main: >>>>>>>>> Stage 02: Data Validation completed <<<<<<<<<]
[2025-02-12 15:49:07,196: INFO: main: >>>>>>>>> Stage 03: Data Transformation started <<<<<<<<<]
[2025-02-12 15:49:07,202: INFO: common: Reading the yaml file from ::     config/config.yml]
[2025-02-12 15:49:07,204: INFO: common: Reading the yaml file from ::     params.yml]
[2025-02-12 15:49:07,210: INFO: common: Reading the yaml file from ::     schema.yml]
[2025-02-12 15:49:07,211: INFO: common: Directory created at :: artifacts]
[2025-02-12 15:49:07,212: INFO: common: Directory created at :: artifacts/data_transformation]
[2025-02-12 15:49:07,475: INFO: data_transformation: Splied data into traing and test sets]
[2025-02-12 15:49:07,476: INFO: data_transformation: (1199, 12)]
[2025-02-12 15:49:07,476: INFO: data_transformation: (400, 12)]
[2025-02-12 15:49:07,476: INFO: main: >>>>>>>>> Stage 03: Data Transformation completed <<<<<<<<<]
[2025-02-12 15:49:07,476: INFO: main: >>>>>>>>> Stage 04: Model Trainer started <<<<<<<<<]
[2025-02-12 15:49:07,482: INFO: common: Reading the yaml file from ::     config/config.yml]
[2025-02-12 15:49:07,485: INFO: common: Reading the yaml file from ::     params.yml]
[2025-02-12 15:49:07,490: INFO: common: Reading the yaml file from ::     schema.yml]
[2025-02-12 15:49:07,491: INFO: common: Directory created at :: artifacts]
[2025-02-12 15:49:07,491: INFO: common: Directory created at :: artifacts/model_trainer]
[2025-02-12 15:49:07,512: INFO: model_trainer: Model trained with alpha: 0.2 and l1_ratio: 0.5]
[2025-02-12 15:49:07,619: INFO: model_trainer: Model saved at: artifacts/model_trainer/model.joblib]
[2025-02-12 15:49:07,619: INFO: main: >>>>>>>>> Stage 04: Model Trainer completed <<<<<<<<<]
[2025-02-12 16:27:29,276: INFO: common: Reading the yaml file from ::     config/config.yml]
[2025-02-12 16:27:29,279: INFO: common: Reading the yaml file from ::     params.yml]
[2025-02-12 16:27:29,285: INFO: common: Reading the yaml file from ::     schema.yml]
[2025-02-12 16:27:29,287: INFO: common: Directory created at :: artifacts]
[2025-02-12 16:27:29,289: INFO: common: Directory created at :: artifacts/model_evaluation]
[2025-02-12 16:27:29,419: INFO: common: Data saved in json format at :: artifacts/model_evaluation/evaluation_metrics.json]
[2025-02-12 16:44:42,788: INFO: main: >>>>>>>>> Stage 01: Data Ingestion started <<<<<<<<<]
[2025-02-12 16:44:42,795: INFO: common: Reading the yaml file from ::     config/config.yml]
[2025-02-12 16:44:42,796: INFO: common: Reading the yaml file from ::     params.yml]
[2025-02-12 16:44:42,800: INFO: common: Reading the yaml file from ::     schema.yml]
[2025-02-12 16:44:42,801: INFO: common: Directory created at :: artifacts]
[2025-02-12 16:44:42,801: INFO: common: Directory created at :: artifacts/data_ingestion]
[2025-02-12 16:44:49,342: INFO: data_ingestion: Downloaded file: artifacts/data_ingestion/data.zip with folowing infor: 
 Connection: close
Content-Length: 26176
Cache-Control: max-age=300
Content-Security-Policy: default-src 'none'; style-src 'unsafe-inline'; sandbox
Content-Type: application/zip
ETag: "f751ec0917e15a3dc07c3094a49fb99713109dd8a9f29150bb5d187ec17facdf"
Strict-Transport-Security: max-age=31536000
X-Content-Type-Options: nosniff
X-Frame-Options: deny
X-XSS-Protection: 1; mode=block
X-GitHub-Request-Id: CE91:16AA52:81BCF2:878243:67AC7599
Accept-Ranges: bytes
Date: Wed, 12 Feb 2025 11:14:49 GMT
Via: 1.1 varnish
X-Served-By: cache-sin-wsss1830033-SIN
X-Cache: HIT
X-Cache-Hits: 0
X-Timer: S1739358889.780027,VS0,VE358
Vary: Authorization,Accept-Encoding,Origin
Access-Control-Allow-Origin: *
Cross-Origin-Resource-Policy: cross-origin
X-Fastly-Request-ID: 2f55b68916b2379e58c58caa01c11da5809f4a60
Expires: Wed, 12 Feb 2025 11:19:49 GMT
Source-Age: 0

]
[2025-02-12 16:44:49,452: INFO: main: >>>>>>>>> Stage 01: Data Ingestion completed <<<<<<<<<]
[2025-02-12 16:44:49,452: INFO: main: >>>>>>>>> Stage 02: Data Validation started <<<<<<<<<]
[2025-02-12 16:44:49,458: INFO: common: Reading the yaml file from ::     config/config.yml]
[2025-02-12 16:44:49,460: INFO: common: Reading the yaml file from ::     params.yml]
[2025-02-12 16:44:49,463: INFO: common: Reading the yaml file from ::     schema.yml]
[2025-02-12 16:44:49,463: INFO: common: Directory created at :: artifacts]
[2025-02-12 16:44:49,464: INFO: common: Directory created at :: artifacts/data_validation]
[2025-02-12 16:44:49,473: INFO: data_validation: Data validation success in :: fixed acidity]
[2025-02-12 16:44:49,474: INFO: data_validation: Data validation success in :: volatile acidity]
[2025-02-12 16:44:49,474: INFO: data_validation: Data validation success in :: citric acid]
[2025-02-12 16:44:49,474: INFO: data_validation: Data validation success in :: residual sugar]
[2025-02-12 16:44:49,474: INFO: data_validation: Data validation success in :: chlorides]
[2025-02-12 16:44:49,474: INFO: data_validation: Data validation success in :: free sulfur dioxide]
[2025-02-12 16:44:49,475: INFO: data_validation: Data validation success in :: total sulfur dioxide]
[2025-02-12 16:44:49,475: INFO: data_validation: Data validation success in :: density]
[2025-02-12 16:44:49,475: INFO: data_validation: Data validation success in :: pH]
[2025-02-12 16:44:49,475: INFO: data_validation: Data validation success in :: sulphates]
[2025-02-12 16:44:49,475: INFO: data_validation: Data validation success in :: alcohol]
[2025-02-12 16:44:49,476: INFO: data_validation: Data validation success in :: quality]
[2025-02-12 16:44:49,579: INFO: main: >>>>>>>>> Stage 02: Data Validation completed <<<<<<<<<]
[2025-02-12 16:44:49,580: INFO: main: >>>>>>>>> Stage 03: Data Transformation started <<<<<<<<<]
[2025-02-12 16:44:49,586: INFO: common: Reading the yaml file from ::     config/config.yml]
[2025-02-12 16:44:49,588: INFO: common: Reading the yaml file from ::     params.yml]
[2025-02-12 16:44:49,591: INFO: common: Reading the yaml file from ::     schema.yml]
[2025-02-12 16:44:49,591: INFO: common: Directory created at :: artifacts]
[2025-02-12 16:44:49,592: INFO: common: Directory created at :: artifacts/data_transformation]
[2025-02-12 16:44:49,843: INFO: data_transformation: Splied data into traing and test sets]
[2025-02-12 16:44:49,844: INFO: data_transformation: (1199, 12)]
[2025-02-12 16:44:49,844: INFO: data_transformation: (400, 12)]
[2025-02-12 16:44:49,844: INFO: main: >>>>>>>>> Stage 03: Data Transformation completed <<<<<<<<<]
[2025-02-12 16:44:49,844: INFO: main: >>>>>>>>> Stage 04: Model Trainer started <<<<<<<<<]
[2025-02-12 16:44:49,850: INFO: common: Reading the yaml file from ::     config/config.yml]
[2025-02-12 16:44:49,852: INFO: common: Reading the yaml file from ::     params.yml]
[2025-02-12 16:44:49,855: INFO: common: Reading the yaml file from ::     schema.yml]
[2025-02-12 16:44:49,856: INFO: common: Directory created at :: artifacts]
[2025-02-12 16:44:49,856: INFO: common: Directory created at :: artifacts/model_trainer]
[2025-02-12 16:44:49,874: INFO: model_trainer: Model trained with alpha: 0.2 and l1_ratio: 0.5]
[2025-02-12 16:44:49,979: INFO: model_trainer: Model saved at: artifacts/model_trainer/model.joblib]
[2025-02-12 16:44:49,980: INFO: main: >>>>>>>>> Stage 04: Model Trainer completed <<<<<<<<<]
[2025-02-12 16:44:49,980: INFO: main: >>>>>>>>> Stage 05: Model Evaluation started <<<<<<<<<]
[2025-02-12 16:44:49,985: INFO: common: Reading the yaml file from ::     config/config.yml]
[2025-02-12 16:44:49,986: INFO: common: Reading the yaml file from ::     params.yml]
[2025-02-12 16:44:49,989: INFO: common: Reading the yaml file from ::     schema.yml]
[2025-02-12 16:44:49,990: INFO: common: Directory created at :: artifacts]
[2025-02-12 16:44:49,990: INFO: common: Directory created at :: artifacts/model_evaluation]
[2025-02-12 16:44:50,107: INFO: common: Data saved in json format at :: artifacts/model_evaluation/evaluation_metrics.json]
[2025-02-12 16:44:50,108: INFO: main: >>>>>>>>> Stage 05: Model Evaluation completed <<<<<<<<<]
